# Software: Safe-Login
# Versão: 0.0.1
# Propriedade: 

14/01/2023 17:17:27----- [Nicolas Matheus Ferreira;Nicolas]
# Software: Safe-Login
# Versão: 0.0.1
# Propriedade: 

14/01/2023 18:29:06----- [Geraldo Magela Luiz Ferreira;Geraldo]
# Software: Safe-Login
# Versão: 0.0.1
# Propriedade: 

14/01/2023 18:43:03----- [Lorena Regina Ferreira;Lorena]
# Software: Safe-Login
# Versão: 0.0.1
# Propriedade: 

14/01/2023 18:43:36----- [Lorena Regina Ferreira;Lorena]
# Software: Safe-Login
# Versão: 0.0.1
# Propriedade: 

19/01/2023 16:00:39----- [Nicolas Matheus Ferreira;Nicolas]
# Software: Safe-Login
# Versão: 0.0.1
# Propriedade: 

20/01/2023 21:40:37----- [Nicolas Matheus;Nicolas]
# Software: Safe-Login
# Versão: 0.0.1
# Propriedade: 

20/01/2023 21:45:48----- [Nicolas Matheus;Nicolas]
